c:\users\33652\desktop\projet_ccp\projetcppfinance\projet_td4\projet_td4\debug\vc142.pdb
c:\users\33652\desktop\projet_ccp\projetcppfinance\projet_td4\projet_td4\debug\vc142.idb
c:\users\33652\desktop\projet_ccp\projetcppfinance\projet_td4\projet_td4\debug\randomwalk.obj
c:\users\33652\desktop\projet_ccp\projetcppfinance\projet_td4\projet_td4\debug\mt19937_singleton.obj
c:\users\33652\desktop\projet_ccp\projetcppfinance\projet_td4\projet_td4\debug\blackscholes_model.obj
c:\users\33652\desktop\projet_ccp\projetcppfinance\projet_td4\projet_td4\debug\main.obj
c:\users\33652\desktop\projet_ccp\projetcppfinance\projet_td4\projet_td4\debug\randomwalkgenerator.obj
c:\users\33652\desktop\projet_ccp\projetcppfinance\projet_td4\projet_td4\debug\montecarlo_normallaw.obj
c:\users\33652\desktop\projet_ccp\projetcppfinance\projet_td4\projet_td4\debug\binomialtree.obj
c:\users\33652\desktop\projet_ccp\projetcppfinance\projet_td4\projet_td4\debug\node.obj
c:\users\33652\desktop\projet_ccp\projetcppfinance\projet_td4\projet_td4\debug\coxrossrubinsteineuropeanoption.obj
c:\users\33652\desktop\projet_ccp\projetcppfinance\projet_td4\projet_td4\debug\ccrpricer_closedmethod.obj
c:\users\33652\desktop\projet_ccp\projetcppfinance\projet_td4\projet_td4\debug\crrpricer_closedmethod.obj
c:\users\33652\desktop\projet_ccp\projetcppfinance\projet_td4\projet_td4\debug\option.obj
c:\users\33652\desktop\projet_ccp\projetcppfinance\projet_td4\projet_td4\debug\binlattice.obj
c:\users\33652\desktop\projet_ccp\projetcppfinance\projet_td4\projet_td4\debug\montecarlooptionpricing.obj
c:\users\33652\desktop\projet_ccp\projetcppfinance\projet_td4\projet_td4\debug\blackscholeslimitbinomialtree.obj
c:\users\33652\desktop\projet_ccp\projetcppfinance\projet_td4\projet_td4\debug\americanoptionbinlattice.obj
c:\users\33652\desktop\projet_ccp\projetcppfinance\projet_td4\projet_td4\debug\methodcomparermontecarlovstree.obj
c:\users\33652\desktop\projet_ccp\projetcppfinance\projet_td4\debug\projet_cpp.exe
c:\users\33652\desktop\projet_ccp\projetcppfinance\projet_td4\debug\projet_cpp.ilk
c:\users\33652\desktop\projet_ccp\projetcppfinance\projet_td4\debug\projet_cpp.pdb
c:\users\33652\desktop\projet_ccp\projetcppfinance\projet_td4\projet_td4\debug\americanoptionbinlattice.obj.enc
c:\users\33652\desktop\projet_ccp\projetcppfinance\projet_td4\projet_td4\debug\binlattice.obj.enc
c:\users\33652\desktop\projet_ccp\projetcppfinance\projet_td4\projet_td4\debug\binomialtree.obj.enc
c:\users\33652\desktop\projet_ccp\projetcppfinance\projet_td4\projet_td4\debug\blackscholeslimitbinomialtree.obj.enc
c:\users\33652\desktop\projet_ccp\projetcppfinance\projet_td4\projet_td4\debug\crrpricer_closedmethod.obj.enc
c:\users\33652\desktop\projet_ccp\projetcppfinance\projet_td4\projet_td4\debug\main.obj.enc
c:\users\33652\desktop\projet_ccp\projetcppfinance\projet_td4\projet_td4\debug\node.obj.enc
c:\users\33652\desktop\projet_ccp\projetcppfinance\projet_td4\projet_td4\debug\option.obj.enc
c:\users\33652\desktop\projet_ccp\projetcppfinance\projet_td4\projet_td4\debug\projet_cpp.tlog\cl.command.1.tlog
c:\users\33652\desktop\projet_ccp\projetcppfinance\projet_td4\projet_td4\debug\projet_cpp.tlog\cl.read.1.tlog
c:\users\33652\desktop\projet_ccp\projetcppfinance\projet_td4\projet_td4\debug\projet_cpp.tlog\cl.write.1.tlog
c:\users\33652\desktop\projet_ccp\projetcppfinance\projet_td4\projet_td4\debug\projet_cpp.tlog\link.command.1.tlog
c:\users\33652\desktop\projet_ccp\projetcppfinance\projet_td4\projet_td4\debug\projet_cpp.tlog\link.read.1.tlog
c:\users\33652\desktop\projet_ccp\projetcppfinance\projet_td4\projet_td4\debug\projet_cpp.tlog\link.write.1.tlog
